{"/Users/Aaron_van/Desktop/todoiest-clone/src/App.js": {"path":"/Users/Aaron_van/Desktop/todoiest-clone/src/App.js","statementMap":{"0":{"start":{"line":6,"column":19},"end":{"line":22,"column":1}},"1":{"start":{"line":7,"column":34},"end":{"line":7,"column":59}},"2":{"start":{"line":9,"column":2},"end":{"line":21,"column":4}}},"fnMap":{"0":{"name":"(anonymous_0)","decl":{"start":{"line":6,"column":19},"end":{"line":6,"column":20}},"loc":{"start":{"line":6,"column":52},"end":{"line":22,"column":1}},"line":6}},"branchMap":{"0":{"loc":{"start":{"line":6,"column":22},"end":{"line":6,"column":45}},"type":"default-arg","locations":[{"start":{"line":6,"column":40},"end":{"line":6,"column":45}}],"line":6},"1":{"loc":{"start":{"line":14,"column":21},"end":{"line":14,"column":54}},"type":"cond-expr","locations":[{"start":{"line":14,"column":32},"end":{"line":14,"column":42}},{"start":{"line":14,"column":45},"end":{"line":14,"column":54}}],"line":14}},"s":{"0":0,"1":0,"2":0},"f":{"0":0},"b":{"0":[0],"1":[0,0]},"hash":"7a8dd50f4dd96c4ffd88b38c7e67e85ee9d3e63a"}
,"/Users/Aaron_van/Desktop/todoiest-clone/src/index.js": {"path":"/Users/Aaron_van/Desktop/todoiest-clone/src/index.js","statementMap":{"0":{"start":{"line":6,"column":0},"end":{"line":6,"column":49}}},"fnMap":{},"branchMap":{},"s":{"0":0},"f":{},"b":{},"hash":"686febfafc9518b29d1c2c8aa8b82934b6b71b6e"}
,"/Users/Aaron_van/Desktop/todoiest-clone/src/components/AddProject.js": {"path":"/Users/Aaron_van/Desktop/todoiest-clone/src/components/AddProject.js","statementMap":{"0":{"start":{"line":6,"column":26},"end":{"line":80,"column":1}},"1":{"start":{"line":7,"column":26},"end":{"line":7,"column":46}},"2":{"start":{"line":8,"column":40},"end":{"line":8,"column":52}},"3":{"start":{"line":10,"column":20},"end":{"line":10,"column":36}},"4":{"start":{"line":11,"column":36},"end":{"line":11,"column":54}},"5":{"start":{"line":13,"column":21},"end":{"line":27,"column":8}},"6":{"start":{"line":14,"column":4},"end":{"line":27,"column":8}},"7":{"start":{"line":24,"column":8},"end":{"line":24,"column":35}},"8":{"start":{"line":25,"column":8},"end":{"line":25,"column":27}},"9":{"start":{"line":26,"column":8},"end":{"line":26,"column":23}},"10":{"start":{"line":29,"column":2},"end":{"line":79,"column":4}},"11":{"start":{"line":35,"column":29},"end":{"line":35,"column":59}},"12":{"start":{"line":44,"column":27},"end":{"line":44,"column":39}},"13":{"start":{"line":53,"column":27},"end":{"line":53,"column":41}},"14":{"start":{"line":55,"column":14},"end":{"line":55,"column":52}},"15":{"start":{"line":55,"column":37},"end":{"line":55,"column":52}},"16":{"start":{"line":69,"column":23},"end":{"line":69,"column":37}},"17":{"start":{"line":71,"column":10},"end":{"line":71,"column":48}},"18":{"start":{"line":71,"column":33},"end":{"line":71,"column":48}}},"fnMap":{"0":{"name":"(anonymous_0)","decl":{"start":{"line":6,"column":26},"end":{"line":6,"column":27}},"loc":{"start":{"line":6,"column":54},"end":{"line":80,"column":1}},"line":6},"1":{"name":"(anonymous_1)","decl":{"start":{"line":13,"column":21},"end":{"line":13,"column":22}},"loc":{"start":{"line":14,"column":4},"end":{"line":27,"column":8}},"line":14},"2":{"name":"(anonymous_2)","decl":{"start":{"line":23,"column":12},"end":{"line":23,"column":13}},"loc":{"start":{"line":23,"column":18},"end":{"line":27,"column":7}},"line":23},"3":{"name":"(anonymous_3)","decl":{"start":{"line":35,"column":22},"end":{"line":35,"column":23}},"loc":{"start":{"line":35,"column":29},"end":{"line":35,"column":59}},"line":35},"4":{"name":"(anonymous_4)","decl":{"start":{"line":44,"column":21},"end":{"line":44,"column":22}},"loc":{"start":{"line":44,"column":27},"end":{"line":44,"column":39}},"line":44},"5":{"name":"(anonymous_5)","decl":{"start":{"line":53,"column":21},"end":{"line":53,"column":22}},"loc":{"start":{"line":53,"column":27},"end":{"line":53,"column":41}},"line":53},"6":{"name":"(anonymous_6)","decl":{"start":{"line":54,"column":23},"end":{"line":54,"column":24}},"loc":{"start":{"line":54,"column":30},"end":{"line":56,"column":13}},"line":54},"7":{"name":"(anonymous_7)","decl":{"start":{"line":69,"column":17},"end":{"line":69,"column":18}},"loc":{"start":{"line":69,"column":23},"end":{"line":69,"column":37}},"line":69},"8":{"name":"(anonymous_8)","decl":{"start":{"line":70,"column":19},"end":{"line":70,"column":20}},"loc":{"start":{"line":70,"column":26},"end":{"line":72,"column":9}},"line":70}},"branchMap":{"0":{"loc":{"start":{"line":6,"column":29},"end":{"line":6,"column":47}},"type":"default-arg","locations":[{"start":{"line":6,"column":42},"end":{"line":6,"column":47}}],"line":6},"1":{"loc":{"start":{"line":14,"column":4},"end":{"line":27,"column":8}},"type":"binary-expr","locations":[{"start":{"line":14,"column":4},"end":{"line":14,"column":15}},{"start":{"line":15,"column":4},"end":{"line":27,"column":8}}],"line":14},"2":{"loc":{"start":{"line":31,"column":7},"end":{"line":63,"column":7}},"type":"binary-expr","locations":[{"start":{"line":31,"column":7},"end":{"line":31,"column":11}},{"start":{"line":32,"column":8},"end":{"line":62,"column":14}}],"line":31},"3":{"loc":{"start":{"line":55,"column":14},"end":{"line":55,"column":52}},"type":"if","locations":[{"start":{"line":55,"column":14},"end":{"line":55,"column":52}},{"start":{"line":55,"column":14},"end":{"line":55,"column":52}}],"line":55},"4":{"loc":{"start":{"line":71,"column":10},"end":{"line":71,"column":48}},"type":"if","locations":[{"start":{"line":71,"column":10},"end":{"line":71,"column":48}},{"start":{"line":71,"column":10},"end":{"line":71,"column":48}}],"line":71}},"s":{"0":0,"1":0,"2":0,"3":0,"4":0,"5":0,"6":0,"7":0,"8":0,"9":0,"10":0,"11":0,"12":0,"13":0,"14":0,"15":0,"16":0,"17":0,"18":0},"f":{"0":0,"1":0,"2":0,"3":0,"4":0,"5":0,"6":0,"7":0,"8":0},"b":{"0":[0],"1":[0,0],"2":[0,0],"3":[0,0],"4":[0,0]},"hash":"7f769e70a224202dd41242027d384bd17f4c23f7"}
,"/Users/Aaron_van/Desktop/todoiest-clone/src/components/AddTasks.js": {"path":"/Users/Aaron_van/Desktop/todoiest-clone/src/components/AddTasks.js","statementMap":{"0":{"start":{"line":9,"column":23},"end":{"line":149,"column":1}},"1":{"start":{"line":15,"column":26},"end":{"line":15,"column":38}},"2":{"start":{"line":16,"column":34},"end":{"line":16,"column":46}},"3":{"start":{"line":17,"column":32},"end":{"line":17,"column":44}},"4":{"start":{"line":18,"column":34},"end":{"line":18,"column":58}},"5":{"start":{"line":19,"column":54},"end":{"line":19,"column":69}},"6":{"start":{"line":20,"column":42},"end":{"line":20,"column":57}},"7":{"start":{"line":22,"column":30},"end":{"line":22,"column":55}},"8":{"start":{"line":24,"column":18},"end":{"line":53,"column":3}},"9":{"start":{"line":25,"column":22},"end":{"line":25,"column":48}},"10":{"start":{"line":26,"column":23},"end":{"line":26,"column":25}},"11":{"start":{"line":28,"column":4},"end":{"line":32,"column":5}},"12":{"start":{"line":29,"column":6},"end":{"line":29,"column":51}},"13":{"start":{"line":30,"column":11},"end":{"line":32,"column":5}},"14":{"start":{"line":31,"column":6},"end":{"line":31,"column":66}},"15":{"start":{"line":33,"column":4},"end":{"line":52,"column":6}},"16":{"start":{"line":47,"column":10},"end":{"line":47,"column":22}},"17":{"start":{"line":48,"column":10},"end":{"line":48,"column":25}},"18":{"start":{"line":49,"column":10},"end":{"line":49,"column":26}},"19":{"start":{"line":50,"column":10},"end":{"line":50,"column":39}},"20":{"start":{"line":55,"column":2},"end":{"line":148,"column":4}},"21":{"start":{"line":64,"column":25},"end":{"line":64,"column":47}},"22":{"start":{"line":80,"column":20},"end":{"line":80,"column":39}},"23":{"start":{"line":81,"column":20},"end":{"line":81,"column":49}},"24":{"start":{"line":82,"column":20},"end":{"line":82,"column":47}},"25":{"start":{"line":95,"column":29},"end":{"line":95,"column":52}},"26":{"start":{"line":102,"column":14},"end":{"line":104,"column":27}},"27":{"start":{"line":114,"column":16},"end":{"line":114,"column":35}},"28":{"start":{"line":115,"column":16},"end":{"line":115,"column":45}},"29":{"start":{"line":124,"column":27},"end":{"line":124,"column":69}},"30":{"start":{"line":131,"column":27},"end":{"line":131,"column":57}}},"fnMap":{"0":{"name":"(anonymous_0)","decl":{"start":{"line":9,"column":23},"end":{"line":9,"column":24}},"loc":{"start":{"line":14,"column":6},"end":{"line":149,"column":1}},"line":14},"1":{"name":"(anonymous_1)","decl":{"start":{"line":24,"column":18},"end":{"line":24,"column":19}},"loc":{"start":{"line":24,"column":24},"end":{"line":53,"column":3}},"line":24},"2":{"name":"(anonymous_2)","decl":{"start":{"line":46,"column":14},"end":{"line":46,"column":15}},"loc":{"start":{"line":46,"column":20},"end":{"line":51,"column":9}},"line":46},"3":{"name":"(anonymous_3)","decl":{"start":{"line":64,"column":19},"end":{"line":64,"column":20}},"loc":{"start":{"line":64,"column":25},"end":{"line":64,"column":47}},"line":64},"4":{"name":"(anonymous_4)","decl":{"start":{"line":79,"column":27},"end":{"line":79,"column":28}},"loc":{"start":{"line":79,"column":33},"end":{"line":83,"column":19}},"line":79},"5":{"name":"(anonymous_5)","decl":{"start":{"line":95,"column":22},"end":{"line":95,"column":23}},"loc":{"start":{"line":95,"column":29},"end":{"line":95,"column":52}},"line":95},"6":{"name":"(anonymous_6)","decl":{"start":{"line":101,"column":21},"end":{"line":101,"column":22}},"loc":{"start":{"line":102,"column":14},"end":{"line":104,"column":27}},"line":102},"7":{"name":"(anonymous_7)","decl":{"start":{"line":113,"column":23},"end":{"line":113,"column":24}},"loc":{"start":{"line":113,"column":29},"end":{"line":116,"column":15}},"line":113},"8":{"name":"(anonymous_8)","decl":{"start":{"line":124,"column":21},"end":{"line":124,"column":22}},"loc":{"start":{"line":124,"column":27},"end":{"line":124,"column":69}},"line":124},"9":{"name":"(anonymous_9)","decl":{"start":{"line":131,"column":21},"end":{"line":131,"column":22}},"loc":{"start":{"line":131,"column":27},"end":{"line":131,"column":57}},"line":131}},"branchMap":{"0":{"loc":{"start":{"line":10,"column":2},"end":{"line":10,"column":24}},"type":"default-arg","locations":[{"start":{"line":10,"column":20},"end":{"line":10,"column":24}}],"line":10},"1":{"loc":{"start":{"line":11,"column":2},"end":{"line":11,"column":24}},"type":"default-arg","locations":[{"start":{"line":11,"column":19},"end":{"line":11,"column":24}}],"line":11},"2":{"loc":{"start":{"line":25,"column":22},"end":{"line":25,"column":48}},"type":"binary-expr","locations":[{"start":{"line":25,"column":22},"end":{"line":25,"column":29}},{"start":{"line":25,"column":33},"end":{"line":25,"column":48}}],"line":25},"3":{"loc":{"start":{"line":28,"column":4},"end":{"line":32,"column":5}},"type":"if","locations":[{"start":{"line":28,"column":4},"end":{"line":32,"column":5}},{"start":{"line":28,"column":4},"end":{"line":32,"column":5}}],"line":28},"4":{"loc":{"start":{"line":30,"column":11},"end":{"line":32,"column":5}},"type":"if","locations":[{"start":{"line":30,"column":11},"end":{"line":32,"column":5}},{"start":{"line":30,"column":11},"end":{"line":32,"column":5}}],"line":30},"5":{"loc":{"start":{"line":34,"column":6},"end":{"line":51,"column":10}},"type":"binary-expr","locations":[{"start":{"line":34,"column":6},"end":{"line":34,"column":10}},{"start":{"line":35,"column":6},"end":{"line":35,"column":15}},{"start":{"line":36,"column":6},"end":{"line":51,"column":10}}],"line":34},"6":{"loc":{"start":{"line":43,"column":16},"end":{"line":43,"column":40}},"type":"binary-expr","locations":[{"start":{"line":43,"column":16},"end":{"line":43,"column":28}},{"start":{"line":43,"column":32},"end":{"line":43,"column":40}}],"line":43},"7":{"loc":{"start":{"line":57,"column":17},"end":{"line":57,"column":77}},"type":"cond-expr","locations":[{"start":{"line":57,"column":36},"end":{"line":57,"column":64}},{"start":{"line":57,"column":67},"end":{"line":57,"column":77}}],"line":57},"8":{"loc":{"start":{"line":60,"column":7},"end":{"line":69,"column":7}},"type":"binary-expr","locations":[{"start":{"line":60,"column":7},"end":{"line":60,"column":22}},{"start":{"line":61,"column":8},"end":{"line":68,"column":14}}],"line":60},"9":{"loc":{"start":{"line":70,"column":7},"end":{"line":146,"column":7}},"type":"binary-expr","locations":[{"start":{"line":70,"column":8},"end":{"line":70,"column":16}},{"start":{"line":70,"column":20},"end":{"line":70,"column":36}},{"start":{"line":71,"column":8},"end":{"line":145,"column":14}}],"line":70},"10":{"loc":{"start":{"line":72,"column":11},"end":{"line":89,"column":11}},"type":"binary-expr","locations":[{"start":{"line":72,"column":11},"end":{"line":72,"column":27}},{"start":{"line":73,"column":12},"end":{"line":88,"column":15}}],"line":72},"11":{"loc":{"start":{"line":102,"column":14},"end":{"line":104,"column":27}},"type":"cond-expr","locations":[{"start":{"line":103,"column":18},"end":{"line":103,"column":57}},{"start":{"line":104,"column":18},"end":{"line":104,"column":27}}],"line":102},"12":{"loc":{"start":{"line":103,"column":18},"end":{"line":103,"column":57}},"type":"binary-expr","locations":[{"start":{"line":103,"column":18},"end":{"line":103,"column":27}},{"start":{"line":103,"column":31},"end":{"line":103,"column":57}}],"line":103},"13":{"loc":{"start":{"line":109,"column":11},"end":{"line":120,"column":11}},"type":"binary-expr","locations":[{"start":{"line":109,"column":11},"end":{"line":109,"column":28}},{"start":{"line":110,"column":12},"end":{"line":119,"column":19}}],"line":109}},"s":{"0":0,"1":0,"2":0,"3":0,"4":0,"5":0,"6":0,"7":0,"8":0,"9":0,"10":0,"11":0,"12":0,"13":0,"14":0,"15":0,"16":0,"17":0,"18":0,"19":0,"20":0,"21":0,"22":0,"23":0,"24":0,"25":0,"26":0,"27":0,"28":0,"29":0,"30":0},"f":{"0":0,"1":0,"2":0,"3":0,"4":0,"5":0,"6":0,"7":0,"8":0,"9":0},"b":{"0":[0],"1":[0],"2":[0,0],"3":[0,0],"4":[0,0],"5":[0,0,0],"6":[0,0],"7":[0,0],"8":[0,0],"9":[0,0,0],"10":[0,0],"11":[0,0],"12":[0,0],"13":[0,0]},"hash":"eb36942b72e72ae4826723cf168c776ab6398df9"}
,"/Users/Aaron_van/Desktop/todoiest-clone/src/components/CheckBox.js": {"path":"/Users/Aaron_van/Desktop/todoiest-clone/src/components/CheckBox.js","statementMap":{"0":{"start":{"line":4,"column":24},"end":{"line":26,"column":1}},"1":{"start":{"line":5,"column":22},"end":{"line":9,"column":3}},"2":{"start":{"line":6,"column":4},"end":{"line":8,"column":7}},"3":{"start":{"line":11,"column":2},"end":{"line":25,"column":4}},"4":{"start":{"line":15,"column":21},"end":{"line":15,"column":34}},"5":{"start":{"line":17,"column":8},"end":{"line":17,"column":45}},"6":{"start":{"line":17,"column":31},"end":{"line":17,"column":45}}},"fnMap":{"0":{"name":"(anonymous_0)","decl":{"start":{"line":4,"column":24},"end":{"line":4,"column":25}},"loc":{"start":{"line":4,"column":46},"end":{"line":26,"column":1}},"line":4},"1":{"name":"(anonymous_1)","decl":{"start":{"line":5,"column":22},"end":{"line":5,"column":23}},"loc":{"start":{"line":5,"column":28},"end":{"line":9,"column":3}},"line":5},"2":{"name":"(anonymous_2)","decl":{"start":{"line":15,"column":15},"end":{"line":15,"column":16}},"loc":{"start":{"line":15,"column":21},"end":{"line":15,"column":34}},"line":15},"3":{"name":"(anonymous_3)","decl":{"start":{"line":16,"column":17},"end":{"line":16,"column":18}},"loc":{"start":{"line":16,"column":24},"end":{"line":18,"column":7}},"line":16}},"branchMap":{"0":{"loc":{"start":{"line":17,"column":8},"end":{"line":17,"column":45}},"type":"if","locations":[{"start":{"line":17,"column":8},"end":{"line":17,"column":45}},{"start":{"line":17,"column":8},"end":{"line":17,"column":45}}],"line":17}},"s":{"0":1,"1":1,"2":0,"3":1,"4":0,"5":0,"6":0},"f":{"0":1,"1":0,"2":0,"3":0},"b":{"0":[0,0]},"_coverageSchema":"43e27e138ebf9cfc5966b082cf9a028302ed4184","hash":"004360958e7744d76dae42df73e3702c965049b7"}
,"/Users/Aaron_van/Desktop/todoiest-clone/src/components/IndividualProject.js": {"path":"/Users/Aaron_van/Desktop/todoiest-clone/src/components/IndividualProject.js","statementMap":{"0":{"start":{"line":7,"column":33},"end":{"line":53,"column":1}},"1":{"start":{"line":8,"column":40},"end":{"line":8,"column":55}},"2":{"start":{"line":9,"column":36},"end":{"line":9,"column":54}},"3":{"start":{"line":10,"column":33},"end":{"line":10,"column":58}},"4":{"start":{"line":12,"column":24},"end":{"line":22,"column":3}},"5":{"start":{"line":13,"column":4},"end":{"line":21,"column":9}},"6":{"start":{"line":19,"column":8},"end":{"line":19,"column":35}},"7":{"start":{"line":20,"column":8},"end":{"line":20,"column":36}},"8":{"start":{"line":24,"column":2},"end":{"line":52,"column":4}},"9":{"start":{"line":31,"column":23},"end":{"line":31,"column":51}},"10":{"start":{"line":40,"column":31},"end":{"line":40,"column":59}},"11":{"start":{"line":44,"column":37},"end":{"line":44,"column":65}}},"fnMap":{"0":{"name":"(anonymous_0)","decl":{"start":{"line":7,"column":33},"end":{"line":7,"column":34}},"loc":{"start":{"line":7,"column":50},"end":{"line":53,"column":1}},"line":7},"1":{"name":"(anonymous_1)","decl":{"start":{"line":12,"column":24},"end":{"line":12,"column":25}},"loc":{"start":{"line":12,"column":35},"end":{"line":22,"column":3}},"line":12},"2":{"name":"(anonymous_2)","decl":{"start":{"line":18,"column":12},"end":{"line":18,"column":13}},"loc":{"start":{"line":18,"column":18},"end":{"line":21,"column":7}},"line":18},"3":{"name":"(anonymous_3)","decl":{"start":{"line":31,"column":17},"end":{"line":31,"column":18}},"loc":{"start":{"line":31,"column":23},"end":{"line":31,"column":51}},"line":31},"4":{"name":"(anonymous_4)","decl":{"start":{"line":40,"column":25},"end":{"line":40,"column":26}},"loc":{"start":{"line":40,"column":31},"end":{"line":40,"column":59}},"line":40},"5":{"name":"(anonymous_5)","decl":{"start":{"line":44,"column":31},"end":{"line":44,"column":32}},"loc":{"start":{"line":44,"column":37},"end":{"line":44,"column":65}},"line":44}},"branchMap":{"0":{"loc":{"start":{"line":34,"column":9},"end":{"line":49,"column":9}},"type":"binary-expr","locations":[{"start":{"line":34,"column":9},"end":{"line":34,"column":20}},{"start":{"line":35,"column":10},"end":{"line":48,"column":16}}],"line":34}},"s":{"0":0,"1":0,"2":0,"3":0,"4":0,"5":0,"6":0,"7":0,"8":0,"9":0,"10":0,"11":0},"f":{"0":0,"1":0,"2":0,"3":0,"4":0,"5":0},"b":{"0":[0,0]},"hash":"50af121bea85ded8c71ae014d0168f4bef753042"}
,"/Users/Aaron_van/Desktop/todoiest-clone/src/components/ProjectOverlay.js": {"path":"/Users/Aaron_van/Desktop/todoiest-clone/src/components/ProjectOverlay.js","statementMap":{"0":{"start":{"line":4,"column":30},"end":{"line":42,"column":1}},"1":{"start":{"line":9,"column":23},"end":{"line":9,"column":41}},"2":{"start":{"line":11,"column":2},"end":{"line":41,"column":4}},"3":{"start":{"line":17,"column":12},"end":{"line":36,"column":17}},"4":{"start":{"line":21,"column":18},"end":{"line":21,"column":48}},"5":{"start":{"line":22,"column":18},"end":{"line":22,"column":47}},"6":{"start":{"line":25,"column":18},"end":{"line":28,"column":19}},"7":{"start":{"line":26,"column":20},"end":{"line":26,"column":50}},"8":{"start":{"line":27,"column":20},"end":{"line":27,"column":49}}},"fnMap":{"0":{"name":"(anonymous_0)","decl":{"start":{"line":4,"column":30},"end":{"line":4,"column":31}},"loc":{"start":{"line":8,"column":6},"end":{"line":42,"column":1}},"line":8},"1":{"name":"(anonymous_1)","decl":{"start":{"line":16,"column":24},"end":{"line":16,"column":25}},"loc":{"start":{"line":17,"column":12},"end":{"line":36,"column":17}},"line":17},"2":{"name":"(anonymous_2)","decl":{"start":{"line":20,"column":25},"end":{"line":20,"column":26}},"loc":{"start":{"line":20,"column":31},"end":{"line":23,"column":17}},"line":20},"3":{"name":"(anonymous_3)","decl":{"start":{"line":24,"column":27},"end":{"line":24,"column":28}},"loc":{"start":{"line":24,"column":34},"end":{"line":29,"column":17}},"line":24}},"branchMap":{"0":{"loc":{"start":{"line":12,"column":4},"end":{"line":40,"column":5}},"type":"binary-expr","locations":[{"start":{"line":12,"column":4},"end":{"line":12,"column":12}},{"start":{"line":13,"column":4},"end":{"line":13,"column":22}},{"start":{"line":14,"column":6},"end":{"line":39,"column":12}}],"line":12},"1":{"loc":{"start":{"line":25,"column":18},"end":{"line":28,"column":19}},"type":"if","locations":[{"start":{"line":25,"column":18},"end":{"line":28,"column":19}},{"start":{"line":25,"column":18},"end":{"line":28,"column":19}}],"line":25}},"s":{"0":0,"1":0,"2":0,"3":0,"4":0,"5":0,"6":0,"7":0,"8":0},"f":{"0":0,"1":0,"2":0,"3":0},"b":{"0":[0,0,0],"1":[0,0]},"hash":"c4e33b310e220a627a4b5ec90fa82ea37c5a8ab5"}
,"/Users/Aaron_van/Desktop/todoiest-clone/src/components/Projects.js": {"path":"/Users/Aaron_van/Desktop/todoiest-clone/src/components/Projects.js","statementMap":{"0":{"start":{"line":6,"column":24},"end":{"line":36,"column":1}},"1":{"start":{"line":7,"column":30},"end":{"line":7,"column":51}},"2":{"start":{"line":8,"column":33},"end":{"line":8,"column":58}},"3":{"start":{"line":9,"column":23},"end":{"line":9,"column":41}},"4":{"start":{"line":11,"column":2},"end":{"line":35,"column":4}},"5":{"start":{"line":14,"column":6},"end":{"line":33,"column":11}},"6":{"start":{"line":24,"column":10},"end":{"line":24,"column":39}},"7":{"start":{"line":25,"column":10},"end":{"line":25,"column":48}},"8":{"start":{"line":28,"column":10},"end":{"line":28,"column":39}},"9":{"start":{"line":29,"column":10},"end":{"line":29,"column":48}}},"fnMap":{"0":{"name":"(anonymous_0)","decl":{"start":{"line":6,"column":24},"end":{"line":6,"column":25}},"loc":{"start":{"line":6,"column":52},"end":{"line":36,"column":1}},"line":6},"1":{"name":"(anonymous_1)","decl":{"start":{"line":13,"column":17},"end":{"line":13,"column":18}},"loc":{"start":{"line":14,"column":6},"end":{"line":33,"column":11}},"line":14},"2":{"name":"(anonymous_2)","decl":{"start":{"line":23,"column":19},"end":{"line":23,"column":20}},"loc":{"start":{"line":23,"column":25},"end":{"line":26,"column":9}},"line":23},"3":{"name":"(anonymous_3)","decl":{"start":{"line":27,"column":17},"end":{"line":27,"column":18}},"loc":{"start":{"line":27,"column":23},"end":{"line":30,"column":9}},"line":27}},"branchMap":{"0":{"loc":{"start":{"line":6,"column":27},"end":{"line":6,"column":45}},"type":"default-arg","locations":[{"start":{"line":6,"column":41},"end":{"line":6,"column":45}}],"line":6},"1":{"loc":{"start":{"line":12,"column":4},"end":{"line":34,"column":6}},"type":"binary-expr","locations":[{"start":{"line":12,"column":4},"end":{"line":12,"column":12}},{"start":{"line":13,"column":4},"end":{"line":34,"column":6}}],"line":12},"2":{"loc":{"start":{"line":19,"column":10},"end":{"line":21,"column":32}},"type":"cond-expr","locations":[{"start":{"line":20,"column":14},"end":{"line":20,"column":39}},{"start":{"line":21,"column":14},"end":{"line":21,"column":32}}],"line":19}},"s":{"0":0,"1":0,"2":0,"3":0,"4":0,"5":0,"6":0,"7":0,"8":0,"9":0},"f":{"0":0,"1":0,"2":0,"3":0},"b":{"0":[0],"1":[0,0],"2":[0,0]},"hash":"399b63f167c6ebeec920e26781a7e4cec8d094be"}
,"/Users/Aaron_van/Desktop/todoiest-clone/src/components/TaskDate.js": {"path":"/Users/Aaron_van/Desktop/todoiest-clone/src/components/TaskDate.js","statementMap":{"0":{"start":{"line":5,"column":24},"end":{"line":80,"column":3}},"1":{"start":{"line":6,"column":2},"end":{"line":80,"column":3}},"2":{"start":{"line":12,"column":14},"end":{"line":12,"column":37}},"3":{"start":{"line":13,"column":14},"end":{"line":13,"column":57}},"4":{"start":{"line":16,"column":14},"end":{"line":19,"column":15}},"5":{"start":{"line":17,"column":16},"end":{"line":17,"column":39}},"6":{"start":{"line":18,"column":16},"end":{"line":18,"column":59}},"7":{"start":{"line":35,"column":14},"end":{"line":35,"column":37}},"8":{"start":{"line":36,"column":14},"end":{"line":36,"column":71}},"9":{"start":{"line":39,"column":14},"end":{"line":42,"column":15}},"10":{"start":{"line":40,"column":16},"end":{"line":40,"column":39}},"11":{"start":{"line":41,"column":16},"end":{"line":41,"column":73}},"12":{"start":{"line":58,"column":14},"end":{"line":58,"column":37}},"13":{"start":{"line":59,"column":14},"end":{"line":59,"column":72}},"14":{"start":{"line":62,"column":14},"end":{"line":65,"column":15}},"15":{"start":{"line":63,"column":16},"end":{"line":63,"column":39}},"16":{"start":{"line":64,"column":16},"end":{"line":64,"column":74}}},"fnMap":{"0":{"name":"(anonymous_0)","decl":{"start":{"line":5,"column":24},"end":{"line":5,"column":25}},"loc":{"start":{"line":6,"column":2},"end":{"line":80,"column":3}},"line":6},"1":{"name":"(anonymous_1)","decl":{"start":{"line":11,"column":21},"end":{"line":11,"column":22}},"loc":{"start":{"line":11,"column":27},"end":{"line":14,"column":13}},"line":11},"2":{"name":"(anonymous_2)","decl":{"start":{"line":15,"column":23},"end":{"line":15,"column":24}},"loc":{"start":{"line":15,"column":30},"end":{"line":20,"column":13}},"line":15},"3":{"name":"(anonymous_3)","decl":{"start":{"line":34,"column":21},"end":{"line":34,"column":22}},"loc":{"start":{"line":34,"column":27},"end":{"line":37,"column":13}},"line":34},"4":{"name":"(anonymous_4)","decl":{"start":{"line":38,"column":23},"end":{"line":38,"column":24}},"loc":{"start":{"line":38,"column":30},"end":{"line":43,"column":13}},"line":38},"5":{"name":"(anonymous_5)","decl":{"start":{"line":57,"column":21},"end":{"line":57,"column":22}},"loc":{"start":{"line":57,"column":27},"end":{"line":60,"column":13}},"line":57},"6":{"name":"(anonymous_6)","decl":{"start":{"line":61,"column":23},"end":{"line":61,"column":24}},"loc":{"start":{"line":61,"column":30},"end":{"line":66,"column":13}},"line":61}},"branchMap":{"0":{"loc":{"start":{"line":6,"column":2},"end":{"line":80,"column":3}},"type":"binary-expr","locations":[{"start":{"line":6,"column":2},"end":{"line":6,"column":14}},{"start":{"line":7,"column":4},"end":{"line":79,"column":10}}],"line":6},"1":{"loc":{"start":{"line":16,"column":14},"end":{"line":19,"column":15}},"type":"if","locations":[{"start":{"line":16,"column":14},"end":{"line":19,"column":15}},{"start":{"line":16,"column":14},"end":{"line":19,"column":15}}],"line":16},"2":{"loc":{"start":{"line":39,"column":14},"end":{"line":42,"column":15}},"type":"if","locations":[{"start":{"line":39,"column":14},"end":{"line":42,"column":15}},{"start":{"line":39,"column":14},"end":{"line":42,"column":15}}],"line":39},"3":{"loc":{"start":{"line":62,"column":14},"end":{"line":65,"column":15}},"type":"if","locations":[{"start":{"line":62,"column":14},"end":{"line":65,"column":15}},{"start":{"line":62,"column":14},"end":{"line":65,"column":15}}],"line":62}},"s":{"0":0,"1":0,"2":0,"3":0,"4":0,"5":0,"6":0,"7":0,"8":0,"9":0,"10":0,"11":0,"12":0,"13":0,"14":0,"15":0,"16":0},"f":{"0":0,"1":0,"2":0,"3":0,"4":0,"5":0,"6":0},"b":{"0":[0,0],"1":[0,0],"2":[0,0],"3":[0,0]},"hash":"64a16a7ed1d6d8b01b8de6368e1a53364d71a652"}
,"/Users/Aaron_van/Desktop/todoiest-clone/src/components/Tasks.js": {"path":"/Users/Aaron_van/Desktop/todoiest-clone/src/components/Tasks.js","statementMap":{"0":{"start":{"line":14,"column":21},"end":{"line":53,"column":1}},"1":{"start":{"line":15,"column":30},"end":{"line":15,"column":55}},"2":{"start":{"line":16,"column":23},"end":{"line":16,"column":41}},"3":{"start":{"line":17,"column":20},"end":{"line":17,"column":45}},"4":{"start":{"line":19,"column":20},"end":{"line":19,"column":22}},"5":{"start":{"line":21,"column":2},"end":{"line":23,"column":3}},"6":{"start":{"line":22,"column":4},"end":{"line":22,"column":72}},"7":{"start":{"line":25,"column":2},"end":{"line":32,"column":3}},"8":{"start":{"line":31,"column":4},"end":{"line":31,"column":59}},"9":{"start":{"line":34,"column":2},"end":{"line":36,"column":5}},"10":{"start":{"line":35,"column":4},"end":{"line":35,"column":47}},"11":{"start":{"line":38,"column":2},"end":{"line":52,"column":4}},"12":{"start":{"line":44,"column":10},"end":{"line":47,"column":15}}},"fnMap":{"0":{"name":"(anonymous_0)","decl":{"start":{"line":14,"column":21},"end":{"line":14,"column":22}},"loc":{"start":{"line":14,"column":27},"end":{"line":53,"column":1}},"line":14},"1":{"name":"(anonymous_1)","decl":{"start":{"line":34,"column":12},"end":{"line":34,"column":13}},"loc":{"start":{"line":34,"column":18},"end":{"line":36,"column":3}},"line":34},"2":{"name":"(anonymous_2)","decl":{"start":{"line":43,"column":19},"end":{"line":43,"column":20}},"loc":{"start":{"line":44,"column":10},"end":{"line":47,"column":15}},"line":44}},"branchMap":{"0":{"loc":{"start":{"line":21,"column":2},"end":{"line":23,"column":3}},"type":"if","locations":[{"start":{"line":21,"column":2},"end":{"line":23,"column":3}},{"start":{"line":21,"column":2},"end":{"line":23,"column":3}}],"line":21},"1":{"loc":{"start":{"line":21,"column":6},"end":{"line":21,"column":60}},"type":"binary-expr","locations":[{"start":{"line":21,"column":6},"end":{"line":21,"column":41}},{"start":{"line":21,"column":45},"end":{"line":21,"column":60}}],"line":21},"2":{"loc":{"start":{"line":25,"column":2},"end":{"line":32,"column":3}},"type":"if","locations":[{"start":{"line":25,"column":2},"end":{"line":32,"column":3}},{"start":{"line":25,"column":2},"end":{"line":32,"column":3}}],"line":25},"3":{"loc":{"start":{"line":26,"column":4},"end":{"line":29,"column":40}},"type":"binary-expr","locations":[{"start":{"line":26,"column":4},"end":{"line":26,"column":12}},{"start":{"line":27,"column":4},"end":{"line":27,"column":23}},{"start":{"line":28,"column":4},"end":{"line":28,"column":19}},{"start":{"line":29,"column":4},"end":{"line":29,"column":40}}],"line":26}},"s":{"0":0,"1":0,"2":0,"3":0,"4":0,"5":0,"6":0,"7":0,"8":0,"9":0,"10":0,"11":0,"12":0},"f":{"0":0,"1":0,"2":0},"b":{"0":[0,0],"1":[0,0],"2":[0,0],"3":[0,0,0,0]},"hash":"56dad0a4f1a30ea9b5db005b62cf3d454d01da7b"}
,"/Users/Aaron_van/Desktop/todoiest-clone/src/components/layout/Content.js": {"path":"/Users/Aaron_van/Desktop/todoiest-clone/src/components/layout/Content.js","statementMap":{"0":{"start":{"line":5,"column":23},"end":{"line":10,"column":1}},"1":{"start":{"line":6,"column":2},"end":{"line":9,"column":12}}},"fnMap":{"0":{"name":"(anonymous_0)","decl":{"start":{"line":5,"column":23},"end":{"line":5,"column":24}},"loc":{"start":{"line":6,"column":2},"end":{"line":9,"column":12}},"line":6}},"branchMap":{},"s":{"0":0,"1":0},"f":{"0":0},"b":{},"hash":"9bb0c4e29c978dbbe0ce0a4ca23265d75d2c4de6"}
,"/Users/Aaron_van/Desktop/todoiest-clone/src/components/layout/Header.js": {"path":"/Users/Aaron_van/Desktop/todoiest-clone/src/components/layout/Header.js","statementMap":{"0":{"start":{"line":6,"column":22},"end":{"line":42,"column":1}},"1":{"start":{"line":7,"column":46},"end":{"line":7,"column":61}},"2":{"start":{"line":8,"column":50},"end":{"line":8,"column":65}},"3":{"start":{"line":10,"column":2},"end":{"line":41,"column":4}},"4":{"start":{"line":22,"column":16},"end":{"line":22,"column":42}},"5":{"start":{"line":23,"column":16},"end":{"line":23,"column":40}}},"fnMap":{"0":{"name":"(anonymous_0)","decl":{"start":{"line":6,"column":22},"end":{"line":6,"column":23}},"loc":{"start":{"line":6,"column":49},"end":{"line":42,"column":1}},"line":6},"1":{"name":"(anonymous_1)","decl":{"start":{"line":21,"column":23},"end":{"line":21,"column":24}},"loc":{"start":{"line":21,"column":29},"end":{"line":24,"column":15}},"line":21}},"branchMap":{},"s":{"0":0,"1":0,"2":0,"3":0,"4":0,"5":0},"f":{"0":0,"1":0},"b":{},"hash":"1f4cb57b39fccf43130e7c8647c5a277023f74c9"}
,"/Users/Aaron_van/Desktop/todoiest-clone/src/components/layout/Sidebar.js": {"path":"/Users/Aaron_van/Desktop/todoiest-clone/src/components/layout/Sidebar.js","statementMap":{"0":{"start":{"line":12,"column":23},"end":{"line":122,"column":1}},"1":{"start":{"line":13,"column":33},"end":{"line":13,"column":58}},"2":{"start":{"line":14,"column":30},"end":{"line":14,"column":47}},"3":{"start":{"line":15,"column":42},"end":{"line":15,"column":56}},"4":{"start":{"line":17,"column":2},"end":{"line":121,"column":4}},"5":{"start":{"line":30,"column":14},"end":{"line":30,"column":33}},"6":{"start":{"line":31,"column":14},"end":{"line":31,"column":42}},"7":{"start":{"line":34,"column":14},"end":{"line":37,"column":15}},"8":{"start":{"line":35,"column":16},"end":{"line":35,"column":35}},"9":{"start":{"line":36,"column":16},"end":{"line":36,"column":44}},"10":{"start":{"line":56,"column":14},"end":{"line":56,"column":33}},"11":{"start":{"line":57,"column":14},"end":{"line":57,"column":42}},"12":{"start":{"line":60,"column":14},"end":{"line":63,"column":15}},"13":{"start":{"line":61,"column":16},"end":{"line":61,"column":35}},"14":{"start":{"line":62,"column":16},"end":{"line":62,"column":44}},"15":{"start":{"line":82,"column":14},"end":{"line":82,"column":36}},"16":{"start":{"line":83,"column":14},"end":{"line":83,"column":45}},"17":{"start":{"line":86,"column":14},"end":{"line":89,"column":15}},"18":{"start":{"line":87,"column":16},"end":{"line":87,"column":38}},"19":{"start":{"line":88,"column":16},"end":{"line":88,"column":47}},"20":{"start":{"line":102,"column":23},"end":{"line":102,"column":53}},"21":{"start":{"line":104,"column":10},"end":{"line":104,"column":64}},"22":{"start":{"line":104,"column":33},"end":{"line":104,"column":64}}},"fnMap":{"0":{"name":"(anonymous_0)","decl":{"start":{"line":12,"column":23},"end":{"line":12,"column":24}},"loc":{"start":{"line":12,"column":29},"end":{"line":122,"column":1}},"line":12},"1":{"name":"(anonymous_1)","decl":{"start":{"line":29,"column":21},"end":{"line":29,"column":22}},"loc":{"start":{"line":29,"column":27},"end":{"line":32,"column":13}},"line":29},"2":{"name":"(anonymous_2)","decl":{"start":{"line":33,"column":23},"end":{"line":33,"column":24}},"loc":{"start":{"line":33,"column":30},"end":{"line":38,"column":13}},"line":33},"3":{"name":"(anonymous_3)","decl":{"start":{"line":55,"column":21},"end":{"line":55,"column":22}},"loc":{"start":{"line":55,"column":27},"end":{"line":58,"column":13}},"line":55},"4":{"name":"(anonymous_4)","decl":{"start":{"line":59,"column":23},"end":{"line":59,"column":24}},"loc":{"start":{"line":59,"column":30},"end":{"line":64,"column":13}},"line":59},"5":{"name":"(anonymous_5)","decl":{"start":{"line":81,"column":21},"end":{"line":81,"column":22}},"loc":{"start":{"line":81,"column":27},"end":{"line":84,"column":13}},"line":81},"6":{"name":"(anonymous_6)","decl":{"start":{"line":85,"column":23},"end":{"line":85,"column":24}},"loc":{"start":{"line":85,"column":30},"end":{"line":90,"column":13}},"line":85},"7":{"name":"(anonymous_7)","decl":{"start":{"line":102,"column":17},"end":{"line":102,"column":18}},"loc":{"start":{"line":102,"column":23},"end":{"line":102,"column":53}},"line":102},"8":{"name":"(anonymous_8)","decl":{"start":{"line":103,"column":19},"end":{"line":103,"column":20}},"loc":{"start":{"line":103,"column":26},"end":{"line":105,"column":9}},"line":103}},"branchMap":{"0":{"loc":{"start":{"line":22,"column":21},"end":{"line":22,"column":62}},"type":"cond-expr","locations":[{"start":{"line":22,"column":42},"end":{"line":22,"column":50}},{"start":{"line":22,"column":53},"end":{"line":22,"column":62}}],"line":22},"1":{"loc":{"start":{"line":34,"column":14},"end":{"line":37,"column":15}},"type":"if","locations":[{"start":{"line":34,"column":14},"end":{"line":37,"column":15}},{"start":{"line":34,"column":14},"end":{"line":37,"column":15}}],"line":34},"2":{"loc":{"start":{"line":48,"column":21},"end":{"line":48,"column":62}},"type":"cond-expr","locations":[{"start":{"line":48,"column":42},"end":{"line":48,"column":50}},{"start":{"line":48,"column":53},"end":{"line":48,"column":62}}],"line":48},"3":{"loc":{"start":{"line":60,"column":14},"end":{"line":63,"column":15}},"type":"if","locations":[{"start":{"line":60,"column":14},"end":{"line":63,"column":15}},{"start":{"line":60,"column":14},"end":{"line":63,"column":15}}],"line":60},"4":{"loc":{"start":{"line":74,"column":21},"end":{"line":74,"column":65}},"type":"cond-expr","locations":[{"start":{"line":74,"column":45},"end":{"line":74,"column":53}},{"start":{"line":74,"column":56},"end":{"line":74,"column":65}}],"line":74},"5":{"loc":{"start":{"line":86,"column":14},"end":{"line":89,"column":15}},"type":"if","locations":[{"start":{"line":86,"column":14},"end":{"line":89,"column":15}},{"start":{"line":86,"column":14},"end":{"line":89,"column":15}}],"line":86},"6":{"loc":{"start":{"line":104,"column":10},"end":{"line":104,"column":64}},"type":"if","locations":[{"start":{"line":104,"column":10},"end":{"line":104,"column":64}},{"start":{"line":104,"column":10},"end":{"line":104,"column":64}}],"line":104},"7":{"loc":{"start":{"line":111,"column":23},"end":{"line":111,"column":68}},"type":"cond-expr","locations":[{"start":{"line":111,"column":39},"end":{"line":111,"column":56}},{"start":{"line":111,"column":59},"end":{"line":111,"column":68}}],"line":111},"8":{"loc":{"start":{"line":117,"column":41},"end":{"line":117,"column":69}},"type":"binary-expr","locations":[{"start":{"line":117,"column":41},"end":{"line":117,"column":53}},{"start":{"line":117,"column":57},"end":{"line":117,"column":69}}],"line":117},"9":{"loc":{"start":{"line":119,"column":7},"end":{"line":119,"column":37}},"type":"binary-expr","locations":[{"start":{"line":119,"column":7},"end":{"line":119,"column":19}},{"start":{"line":119,"column":23},"end":{"line":119,"column":37}}],"line":119}},"s":{"0":0,"1":0,"2":0,"3":0,"4":0,"5":0,"6":0,"7":0,"8":0,"9":0,"10":0,"11":0,"12":0,"13":0,"14":0,"15":0,"16":0,"17":0,"18":0,"19":0,"20":0,"21":0,"22":0},"f":{"0":0,"1":0,"2":0,"3":0,"4":0,"5":0,"6":0,"7":0,"8":0},"b":{"0":[0,0],"1":[0,0],"2":[0,0],"3":[0,0],"4":[0,0],"5":[0,0],"6":[0,0],"7":[0,0],"8":[0,0],"9":[0,0]},"hash":"fdabe244dda0b6029ddf5b6f9ec1b8769fe2a845"}
,"/Users/Aaron_van/Desktop/todoiest-clone/src/constants/index.js": {"path":"/Users/Aaron_van/Desktop/todoiest-clone/src/constants/index.js","statementMap":{"0":{"start":{"line":1,"column":29},"end":{"line":5,"column":1}}},"fnMap":{},"branchMap":{},"s":{"0":0},"f":{},"b":{},"hash":"5afb7f9f3b83ccca3d6ad248033cd8ad2119f73d"}
,"/Users/Aaron_van/Desktop/todoiest-clone/src/context/index.js": {"path":"/Users/Aaron_van/Desktop/todoiest-clone/src/context/index.js","statementMap":{},"fnMap":{},"branchMap":{},"s":{},"f":{},"b":{},"hash":"adf0b41df716e11c448e9f91b6361cc3bc38535e"}
,"/Users/Aaron_van/Desktop/todoiest-clone/src/context/projects-context.js": {"path":"/Users/Aaron_van/Desktop/todoiest-clone/src/context/projects-context.js","statementMap":{"0":{"start":{"line":4,"column":31},"end":{"line":4,"column":46}},"1":{"start":{"line":5,"column":32},"end":{"line":12,"column":1}},"2":{"start":{"line":6,"column":36},"end":{"line":6,"column":49}},"3":{"start":{"line":7,"column":2},"end":{"line":11,"column":4}},"4":{"start":{"line":13,"column":32},"end":{"line":13,"column":65}},"5":{"start":{"line":13,"column":38},"end":{"line":13,"column":65}}},"fnMap":{"0":{"name":"(anonymous_0)","decl":{"start":{"line":5,"column":32},"end":{"line":5,"column":33}},"loc":{"start":{"line":5,"column":50},"end":{"line":12,"column":1}},"line":5},"1":{"name":"(anonymous_1)","decl":{"start":{"line":13,"column":32},"end":{"line":13,"column":33}},"loc":{"start":{"line":13,"column":38},"end":{"line":13,"column":65}},"line":13}},"branchMap":{},"s":{"0":0,"1":0,"2":0,"3":0,"4":0,"5":0},"f":{"0":0,"1":0},"b":{},"hash":"eb8436cbc61a079ab22b51bacdd3ed4222f63aba"}
,"/Users/Aaron_van/Desktop/todoiest-clone/src/context/selected-project-context.js": {"path":"/Users/Aaron_van/Desktop/todoiest-clone/src/context/selected-project-context.js","statementMap":{"0":{"start":{"line":2,"column":38},"end":{"line":2,"column":53}},"1":{"start":{"line":3,"column":39},"end":{"line":13,"column":1}},"2":{"start":{"line":4,"column":48},"end":{"line":4,"column":65}},"3":{"start":{"line":6,"column":2},"end":{"line":12,"column":4}},"4":{"start":{"line":15,"column":39},"end":{"line":15,"column":79}},"5":{"start":{"line":15,"column":45},"end":{"line":15,"column":79}}},"fnMap":{"0":{"name":"(anonymous_0)","decl":{"start":{"line":3,"column":39},"end":{"line":3,"column":40}},"loc":{"start":{"line":3,"column":57},"end":{"line":13,"column":1}},"line":3},"1":{"name":"(anonymous_1)","decl":{"start":{"line":15,"column":39},"end":{"line":15,"column":40}},"loc":{"start":{"line":15,"column":45},"end":{"line":15,"column":79}},"line":15}},"branchMap":{},"s":{"0":0,"1":0,"2":0,"3":0,"4":0,"5":0},"f":{"0":0,"1":0},"b":{},"hash":"05ca537791057eb6b6f2bd1eb198e9e14cf2c201"}
,"/Users/Aaron_van/Desktop/todoiest-clone/src/helpers/index.js": {"path":"/Users/Aaron_van/Desktop/todoiest-clone/src/helpers/index.js","statementMap":{"0":{"start":{"line":3,"column":24},"end":{"line":4,"column":61}},"1":{"start":{"line":4,"column":2},"end":{"line":4,"column":61}},"2":{"start":{"line":4,"column":29},"end":{"line":4,"column":60}},"3":{"start":{"line":6,"column":32},"end":{"line":7,"column":49}},"4":{"start":{"line":7,"column":2},"end":{"line":7,"column":49}},"5":{"start":{"line":7,"column":29},"end":{"line":7,"column":48}},"6":{"start":{"line":9,"column":34},"end":{"line":10,"column":60}},"7":{"start":{"line":10,"column":2},"end":{"line":10,"column":60}},"8":{"start":{"line":10,"column":31},"end":{"line":10,"column":59}},"9":{"start":{"line":12,"column":30},"end":{"line":35,"column":4}},"10":{"start":{"line":14,"column":4},"end":{"line":14,"column":70}},"11":{"start":{"line":16,"column":24},"end":{"line":16,"column":26}},"12":{"start":{"line":18,"column":2},"end":{"line":34,"column":4}},"13":{"start":{"line":19,"column":14},"end":{"line":19,"column":34}},"14":{"start":{"line":21,"column":27},"end":{"line":21,"column":39}},"15":{"start":{"line":22,"column":4},"end":{"line":25,"column":5}},"16":{"start":{"line":22,"column":17},"end":{"line":22,"column":18}},"17":{"start":{"line":23,"column":6},"end":{"line":23,"column":54}},"18":{"start":{"line":24,"column":6},"end":{"line":24,"column":33}},"19":{"start":{"line":27,"column":13},"end":{"line":27,"column":36}},"20":{"start":{"line":29,"column":4},"end":{"line":31,"column":5}},"21":{"start":{"line":30,"column":6},"end":{"line":30,"column":48}},"22":{"start":{"line":33,"column":4},"end":{"line":33,"column":14}}},"fnMap":{"0":{"name":"(anonymous_0)","decl":{"start":{"line":3,"column":24},"end":{"line":3,"column":25}},"loc":{"start":{"line":4,"column":2},"end":{"line":4,"column":61}},"line":4},"1":{"name":"(anonymous_1)","decl":{"start":{"line":4,"column":16},"end":{"line":4,"column":17}},"loc":{"start":{"line":4,"column":29},"end":{"line":4,"column":60}},"line":4},"2":{"name":"(anonymous_2)","decl":{"start":{"line":6,"column":32},"end":{"line":6,"column":33}},"loc":{"start":{"line":7,"column":2},"end":{"line":7,"column":49}},"line":7},"3":{"name":"(anonymous_3)","decl":{"start":{"line":7,"column":16},"end":{"line":7,"column":17}},"loc":{"start":{"line":7,"column":29},"end":{"line":7,"column":48}},"line":7},"4":{"name":"(anonymous_4)","decl":{"start":{"line":9,"column":34},"end":{"line":9,"column":35}},"loc":{"start":{"line":10,"column":2},"end":{"line":10,"column":60}},"line":10},"5":{"name":"(anonymous_5)","decl":{"start":{"line":10,"column":21},"end":{"line":10,"column":22}},"loc":{"start":{"line":10,"column":31},"end":{"line":10,"column":59}},"line":10},"6":{"name":"(anonymous_6)","decl":{"start":{"line":12,"column":31},"end":{"line":12,"column":32}},"loc":{"start":{"line":12,"column":37},"end":{"line":35,"column":1}},"line":12},"7":{"name":"(anonymous_7)","decl":{"start":{"line":18,"column":9},"end":{"line":18,"column":10}},"loc":{"start":{"line":18,"column":21},"end":{"line":34,"column":3}},"line":18}},"branchMap":{},"s":{"0":0,"1":0,"2":0,"3":0,"4":0,"5":0,"6":0,"7":0,"8":0,"9":0,"10":0,"11":0,"12":0,"13":0,"14":0,"15":0,"16":0,"17":0,"18":0,"19":0,"20":0,"21":0,"22":0},"f":{"0":0,"1":0,"2":0,"3":0,"4":0,"5":0,"6":0,"7":0},"b":{},"hash":"98ce61b46de04fbabe6fce8d44635653fa39713b"}
,"/Users/Aaron_van/Desktop/todoiest-clone/src/hooks/firebase.js": {"path":"/Users/Aaron_van/Desktop/todoiest-clone/src/hooks/firebase.js","statementMap":{"0":{"start":{"line":4,"column":23},"end":{"line":12,"column":2}}},"fnMap":{},"branchMap":{},"s":{"0":0},"f":{},"b":{},"hash":"af44c1f0e4123540111badf9b6a29ae4c52d45b8"}
,"/Users/Aaron_van/Desktop/todoiest-clone/src/hooks/index.js": {"path":"/Users/Aaron_van/Desktop/todoiest-clone/src/hooks/index.js","statementMap":{"0":{"start":{"line":6,"column":24},"end":{"line":51,"column":1}},"1":{"start":{"line":7,"column":28},"end":{"line":7,"column":40}},"2":{"start":{"line":8,"column":44},"end":{"line":8,"column":56}},"3":{"start":{"line":10,"column":2},"end":{"line":48,"column":24}},"4":{"start":{"line":11,"column":22},"end":{"line":14,"column":52}},"5":{"start":{"line":16,"column":4},"end":{"line":27,"column":22}},"6":{"start":{"line":29,"column":4},"end":{"line":45,"column":7}},"7":{"start":{"line":30,"column":23},"end":{"line":33,"column":9}},"8":{"start":{"line":30,"column":52},"end":{"line":33,"column":7}},"9":{"start":{"line":35,"column":6},"end":{"line":43,"column":8}},"10":{"start":{"line":39,"column":16},"end":{"line":40,"column":38}},"11":{"start":{"line":42,"column":38},"end":{"line":42,"column":60}},"12":{"start":{"line":44,"column":6},"end":{"line":44,"column":75}},"13":{"start":{"line":44,"column":49},"end":{"line":44,"column":72}},"14":{"start":{"line":47,"column":4},"end":{"line":47,"column":31}},"15":{"start":{"line":47,"column":17},"end":{"line":47,"column":30}},"16":{"start":{"line":50,"column":2},"end":{"line":50,"column":34}},"17":{"start":{"line":53,"column":27},"end":{"line":76,"column":1}},"18":{"start":{"line":54,"column":34},"end":{"line":54,"column":46}},"19":{"start":{"line":56,"column":2},"end":{"line":73,"column":17}},"20":{"start":{"line":57,"column":4},"end":{"line":72,"column":9}},"21":{"start":{"line":64,"column":28},"end":{"line":67,"column":11}},"22":{"start":{"line":64,"column":60},"end":{"line":67,"column":9}},"23":{"start":{"line":69,"column":8},"end":{"line":71,"column":9}},"24":{"start":{"line":70,"column":10},"end":{"line":70,"column":35}},"25":{"start":{"line":75,"column":2},"end":{"line":75,"column":35}}},"fnMap":{"0":{"name":"(anonymous_0)","decl":{"start":{"line":6,"column":24},"end":{"line":6,"column":25}},"loc":{"start":{"line":6,"column":45},"end":{"line":51,"column":1}},"line":6},"1":{"name":"(anonymous_1)","decl":{"start":{"line":10,"column":12},"end":{"line":10,"column":13}},"loc":{"start":{"line":10,"column":18},"end":{"line":48,"column":3}},"line":10},"2":{"name":"(anonymous_2)","decl":{"start":{"line":29,"column":41},"end":{"line":29,"column":42}},"loc":{"start":{"line":29,"column":55},"end":{"line":45,"column":5}},"line":29},"3":{"name":"(anonymous_3)","decl":{"start":{"line":30,"column":41},"end":{"line":30,"column":42}},"loc":{"start":{"line":30,"column":52},"end":{"line":33,"column":7}},"line":30},"4":{"name":"(anonymous_4)","decl":{"start":{"line":38,"column":14},"end":{"line":38,"column":15}},"loc":{"start":{"line":39,"column":16},"end":{"line":40,"column":38}},"line":39},"5":{"name":"(anonymous_5)","decl":{"start":{"line":42,"column":28},"end":{"line":42,"column":29}},"loc":{"start":{"line":42,"column":38},"end":{"line":42,"column":60}},"line":42},"6":{"name":"(anonymous_6)","decl":{"start":{"line":44,"column":39},"end":{"line":44,"column":40}},"loc":{"start":{"line":44,"column":49},"end":{"line":44,"column":72}},"line":44},"7":{"name":"(anonymous_7)","decl":{"start":{"line":47,"column":11},"end":{"line":47,"column":12}},"loc":{"start":{"line":47,"column":17},"end":{"line":47,"column":30}},"line":47},"8":{"name":"(anonymous_8)","decl":{"start":{"line":53,"column":27},"end":{"line":53,"column":28}},"loc":{"start":{"line":53,"column":33},"end":{"line":76,"column":1}},"line":53},"9":{"name":"(anonymous_9)","decl":{"start":{"line":56,"column":12},"end":{"line":56,"column":13}},"loc":{"start":{"line":56,"column":18},"end":{"line":73,"column":3}},"line":56},"10":{"name":"(anonymous_10)","decl":{"start":{"line":63,"column":12},"end":{"line":63,"column":13}},"loc":{"start":{"line":63,"column":26},"end":{"line":72,"column":7}},"line":63},"11":{"name":"(anonymous_11)","decl":{"start":{"line":64,"column":46},"end":{"line":64,"column":47}},"loc":{"start":{"line":64,"column":60},"end":{"line":67,"column":9}},"line":64}},"branchMap":{"0":{"loc":{"start":{"line":17,"column":6},"end":{"line":27,"column":21}},"type":"cond-expr","locations":[{"start":{"line":18,"column":11},"end":{"line":18,"column":78}},{"start":{"line":19,"column":10},"end":{"line":27,"column":21}}],"line":17},"1":{"loc":{"start":{"line":17,"column":6},"end":{"line":17,"column":61}},"type":"binary-expr","locations":[{"start":{"line":17,"column":6},"end":{"line":17,"column":21}},{"start":{"line":17,"column":25},"end":{"line":17,"column":61}}],"line":17},"2":{"loc":{"start":{"line":19,"column":10},"end":{"line":27,"column":21}},"type":"cond-expr","locations":[{"start":{"line":20,"column":11},"end":{"line":24,"column":11}},{"start":{"line":25,"column":10},"end":{"line":27,"column":21}}],"line":19},"3":{"loc":{"start":{"line":25,"column":10},"end":{"line":27,"column":21}},"type":"cond-expr","locations":[{"start":{"line":26,"column":11},"end":{"line":26,"column":36}},{"start":{"line":27,"column":10},"end":{"line":27,"column":21}}],"line":25},"4":{"loc":{"start":{"line":25,"column":10},"end":{"line":25,"column":62}},"type":"binary-expr","locations":[{"start":{"line":25,"column":10},"end":{"line":25,"column":37}},{"start":{"line":25,"column":41},"end":{"line":25,"column":62}}],"line":25},"5":{"loc":{"start":{"line":36,"column":8},"end":{"line":42,"column":61}},"type":"cond-expr","locations":[{"start":{"line":37,"column":12},"end":{"line":41,"column":13}},{"start":{"line":42,"column":12},"end":{"line":42,"column":61}}],"line":36},"6":{"loc":{"start":{"line":39,"column":16},"end":{"line":40,"column":38}},"type":"binary-expr","locations":[{"start":{"line":39,"column":16},"end":{"line":39,"column":75}},{"start":{"line":40,"column":16},"end":{"line":40,"column":38}}],"line":39},"7":{"loc":{"start":{"line":69,"column":8},"end":{"line":71,"column":9}},"type":"if","locations":[{"start":{"line":69,"column":8},"end":{"line":71,"column":9}},{"start":{"line":69,"column":8},"end":{"line":71,"column":9}}],"line":69}},"s":{"0":0,"1":0,"2":0,"3":0,"4":0,"5":0,"6":0,"7":0,"8":0,"9":0,"10":0,"11":0,"12":0,"13":0,"14":0,"15":0,"16":0,"17":0,"18":0,"19":0,"20":0,"21":0,"22":0,"23":0,"24":0,"25":0},"f":{"0":0,"1":0,"2":0,"3":0,"4":0,"5":0,"6":0,"7":0,"8":0,"9":0,"10":0,"11":0},"b":{"0":[0,0],"1":[0,0],"2":[0,0],"3":[0,0],"4":[0,0],"5":[0,0],"6":[0,0],"7":[0,0]},"hash":"6a96171e1cf52366e3976f1562bdb9af78683265"}
}
